<?xml version="1.0" encoding="UTF-8"?>
<testsuite name="uk.tw.energy.EndpointTest" tests="4" skipped="0" failures="0" errors="0" timestamp="2022-09-29T16:02:33" hostname="tyler" time="2.185">
  <properties/>
  <testcase name="givenMeterIdAndLimitShouldReturnRecommendedCheapestPricePlans()" classname="uk.tw.energy.EndpointTest" time="2.028"/>
  <testcase name="shouldStoreReadings()" classname="uk.tw.energy.EndpointTest" time="0.025"/>
  <testcase name="givenMeterIdShouldReturnAMeterReadingAssociatedWithMeterId()" classname="uk.tw.energy.EndpointTest" time="0.044"/>
  <testcase name="shouldCalculateAllPrices()" classname="uk.tw.energy.EndpointTest" time="0.081"/>
  <system-out><![CDATA[11:02:24.248 [Test worker] DEBUG org.springframework.test.context.BootstrapUtils - Instantiating CacheAwareContextLoaderDelegate from class [org.springframework.test.context.cache.DefaultCacheAwareContextLoaderDelegate]
11:02:24.376 [Test worker] DEBUG org.springframework.test.context.BootstrapUtils - Instantiating BootstrapContext using constructor [public org.springframework.test.context.support.DefaultBootstrapContext(java.lang.Class,org.springframework.test.context.CacheAwareContextLoaderDelegate)]
11:02:24.529 [Test worker] DEBUG org.springframework.test.context.BootstrapUtils - Instantiating TestContextBootstrapper for test class [uk.tw.energy.EndpointTest] from class [org.springframework.boot.test.context.SpringBootTestContextBootstrapper]
11:02:24.568 [Test worker] INFO org.springframework.boot.test.context.SpringBootTestContextBootstrapper - Neither @ContextConfiguration nor @ContextHierarchy found for test class [uk.tw.energy.EndpointTest], using SpringBootContextLoader
11:02:24.609 [Test worker] DEBUG org.springframework.test.context.support.AbstractContextLoader - Did not detect default resource location for test class [uk.tw.energy.EndpointTest]: class path resource [uk/tw/energy/EndpointTest-context.xml] does not exist
11:02:24.619 [Test worker] DEBUG org.springframework.test.context.support.AbstractContextLoader - Did not detect default resource location for test class [uk.tw.energy.EndpointTest]: class path resource [uk/tw/energy/EndpointTestContext.groovy] does not exist
11:02:24.621 [Test worker] INFO org.springframework.test.context.support.AbstractContextLoader - Could not detect default resource locations for test class [uk.tw.energy.EndpointTest]: no resource found for suffixes {-context.xml, Context.groovy}.
11:02:24.895 [Test worker] DEBUG org.springframework.test.context.support.ActiveProfilesUtils - Could not find an 'annotation declaring class' for annotation type [org.springframework.test.context.ActiveProfiles] and class [uk.tw.energy.EndpointTest]
11:02:25.462 [Test worker] DEBUG org.springframework.boot.test.context.SpringBootTestContextBootstrapper - @TestExecutionListeners is not present for class [uk.tw.energy.EndpointTest]: using defaults.
11:02:25.465 [Test worker] INFO org.springframework.boot.test.context.SpringBootTestContextBootstrapper - Loaded default TestExecutionListener class names from location [META-INF/spring.factories]: [org.springframework.boot.test.autoconfigure.restdocs.RestDocsTestExecutionListener, org.springframework.boot.test.autoconfigure.web.client.MockRestServiceServerResetTestExecutionListener, org.springframework.boot.test.autoconfigure.web.servlet.MockMvcPrintOnlyOnFailureTestExecutionListener, org.springframework.boot.test.autoconfigure.web.servlet.WebDriverTestExecutionListener, org.springframework.boot.test.autoconfigure.webservices.client.MockWebServiceServerTestExecutionListener, org.springframework.boot.test.mock.mockito.MockitoTestExecutionListener, org.springframework.boot.test.mock.mockito.ResetMocksTestExecutionListener, org.springframework.test.context.web.ServletTestExecutionListener, org.springframework.test.context.support.DirtiesContextBeforeModesTestExecutionListener, org.springframework.test.context.event.ApplicationEventsTestExecutionListener, org.springframework.test.context.support.DependencyInjectionTestExecutionListener, org.springframework.test.context.support.DirtiesContextTestExecutionListener, org.springframework.test.context.transaction.TransactionalTestExecutionListener, org.springframework.test.context.jdbc.SqlScriptsTestExecutionListener, org.springframework.test.context.event.EventPublishingTestExecutionListener]
11:02:25.504 [Test worker] DEBUG org.springframework.boot.test.context.SpringBootTestContextBootstrapper - Skipping candidate TestExecutionListener [org.springframework.test.context.transaction.TransactionalTestExecutionListener] due to a missing dependency. Specify custom listener classes or make the default listener classes and their required dependencies available. Offending class: [org/springframework/transaction/interceptor/TransactionAttributeSource]
11:02:25.509 [Test worker] DEBUG org.springframework.boot.test.context.SpringBootTestContextBootstrapper - Skipping candidate TestExecutionListener [org.springframework.test.context.jdbc.SqlScriptsTestExecutionListener] due to a missing dependency. Specify custom listener classes or make the default listener classes and their required dependencies available. Offending class: [org/springframework/transaction/interceptor/TransactionAttribute]
11:02:25.512 [Test worker] INFO org.springframework.boot.test.context.SpringBootTestContextBootstrapper - Using TestExecutionListeners: [org.springframework.test.context.web.ServletTestExecutionListener@abf688e, org.springframework.test.context.support.DirtiesContextBeforeModesTestExecutionListener@478ee483, org.springframework.test.context.event.ApplicationEventsTestExecutionListener@1a7288a3, org.springframework.boot.test.mock.mockito.MockitoTestExecutionListener@2974f221, org.springframework.boot.test.autoconfigure.SpringBootDependencyInjectionTestExecutionListener@58fe0499, org.springframework.test.context.support.DirtiesContextTestExecutionListener@686449f9, org.springframework.test.context.event.EventPublishingTestExecutionListener@665df3c6, org.springframework.boot.test.autoconfigure.restdocs.RestDocsTestExecutionListener@68b6f0d6, org.springframework.boot.test.autoconfigure.web.client.MockRestServiceServerResetTestExecutionListener@4044fb95, org.springframework.boot.test.autoconfigure.web.servlet.MockMvcPrintOnlyOnFailureTestExecutionListener@aa549e5, org.springframework.boot.test.autoconfigure.web.servlet.WebDriverTestExecutionListener@36f48b4, org.springframework.boot.test.autoconfigure.webservices.client.MockWebServiceServerTestExecutionListener@5c00384f, org.springframework.boot.test.mock.mockito.ResetMocksTestExecutionListener@3b7ff809]
11:02:25.542 [Test worker] DEBUG org.springframework.test.context.support.AbstractDirtiesContextTestExecutionListener - Before test class: context [DefaultTestContext@4a891c97 testClass = EndpointTest, testInstance = [null], testMethod = [null], testException = [null], mergedContextConfiguration = [WebMergedContextConfiguration@a5bd950 testClass = EndpointTest, locations = '{}', classes = '{class uk.tw.energy.App}', contextInitializerClasses = '[]', activeProfiles = '{}', propertySourceLocations = '{}', propertySourceProperties = '{org.springframework.boot.test.context.SpringBootTestContextBootstrapper=true, server.port=0}', contextCustomizers = set[org.springframework.boot.test.autoconfigure.actuate.metrics.MetricsExportContextCustomizerFactory$DisableMetricExportContextCustomizer@65b104b9, org.springframework.boot.test.autoconfigure.properties.PropertyMappingContextCustomizer@0, org.springframework.boot.test.autoconfigure.web.servlet.WebDriverContextCustomizerFactory$Customizer@5b6ec132, org.springframework.boot.test.context.filter.ExcludeFilterContextCustomizer@7b205dbd, org.springframework.boot.test.json.DuplicateJsonObjectContextCustomizerFactory$DuplicateJsonObjectContextCustomizer@6cc558c6, org.springframework.boot.test.mock.mockito.MockitoContextCustomizer@0, org.springframework.boot.test.web.client.TestRestTemplateContextCustomizer@6cce16f4, org.springframework.boot.test.web.reactive.server.WebTestClientContextCustomizer@5505ae1a, org.springframework.boot.test.context.SpringBootTestArgs@1, org.springframework.boot.test.context.SpringBootTestWebEnvironment@2d2ffcb7], resourceBasePath = 'src/main/webapp', contextLoader = 'org.springframework.boot.test.context.SpringBootContextLoader', parent = [null]], attributes = map['org.springframework.test.context.web.ServletTestExecutionListener.activateListener' -> false]], class annotated with @DirtiesContext [false] with mode [null].
11:02:25.603 [Test worker] DEBUG org.springframework.test.context.support.DependencyInjectionTestExecutionListener - Performing dependency injection for test context [[DefaultTestContext@4a891c97 testClass = EndpointTest, testInstance = uk.tw.energy.EndpointTest@10993713, testMethod = [null], testException = [null], mergedContextConfiguration = [WebMergedContextConfiguration@a5bd950 testClass = EndpointTest, locations = '{}', classes = '{class uk.tw.energy.App}', contextInitializerClasses = '[]', activeProfiles = '{}', propertySourceLocations = '{}', propertySourceProperties = '{org.springframework.boot.test.context.SpringBootTestContextBootstrapper=true, server.port=0}', contextCustomizers = set[org.springframework.boot.test.autoconfigure.actuate.metrics.MetricsExportContextCustomizerFactory$DisableMetricExportContextCustomizer@65b104b9, org.springframework.boot.test.autoconfigure.properties.PropertyMappingContextCustomizer@0, org.springframework.boot.test.autoconfigure.web.servlet.WebDriverContextCustomizerFactory$Customizer@5b6ec132, org.springframework.boot.test.context.filter.ExcludeFilterContextCustomizer@7b205dbd, org.springframework.boot.test.json.DuplicateJsonObjectContextCustomizerFactory$DuplicateJsonObjectContextCustomizer@6cc558c6, org.springframework.boot.test.mock.mockito.MockitoContextCustomizer@0, org.springframework.boot.test.web.client.TestRestTemplateContextCustomizer@6cce16f4, org.springframework.boot.test.web.reactive.server.WebTestClientContextCustomizer@5505ae1a, org.springframework.boot.test.context.SpringBootTestArgs@1, org.springframework.boot.test.context.SpringBootTestWebEnvironment@2d2ffcb7], resourceBasePath = 'src/main/webapp', contextLoader = 'org.springframework.boot.test.context.SpringBootContextLoader', parent = [null]], attributes = map['org.springframework.test.context.web.ServletTestExecutionListener.activateListener' -> false, 'org.springframework.test.context.event.ApplicationEventsTestExecutionListener.recordApplicationEvents' -> false]]].

  .   ____          _            __ _ _
 /\\ / ___'_ __ _ _(_)_ __  __ _ \ \ \ \
( ( )\___ | '_ | '_| | '_ \/ _` | \ \ \ \
 \\/  ___)| |_)| | | | | || (_| |  ) ) ) )
  '  |____| .__|_| |_|_| |_\__, | / / / /
 =========|_|==============|___/=/_/_/_/
 :: Spring Boot ::                (v2.6.6)

2022-09-29 11:02:27.304  INFO 85443 --- [    Test worker] uk.tw.energy.EndpointTest                : Starting EndpointTest using Java 11.0.16 on tyler with PID 85443 (started by tyler in /home/tyler/Downloads/thoughtworks/developer-joyofenergy-java-reactive)
2022-09-29 11:02:27.316  INFO 85443 --- [    Test worker] uk.tw.energy.EndpointTest                : No active profile set, falling back to 1 default profile: "default"
2022-09-29 11:02:30.514  INFO 85443 --- [    Test worker] o.s.b.w.embedded.tomcat.TomcatWebServer  : Tomcat initialized with port(s): 0 (http)
2022-09-29 11:02:30.543  INFO 85443 --- [    Test worker] o.apache.catalina.core.StandardService   : Starting service [Tomcat]
2022-09-29 11:02:30.545  INFO 85443 --- [    Test worker] org.apache.catalina.core.StandardEngine  : Starting Servlet engine: [Apache Tomcat/9.0.60]
2022-09-29 11:02:31.004  INFO 85443 --- [    Test worker] o.a.c.c.C.[Tomcat].[localhost].[/]       : Initializing Spring embedded WebApplicationContext
2022-09-29 11:02:31.005  INFO 85443 --- [    Test worker] w.s.c.ServletWebServerApplicationContext : Root WebApplicationContext: initialization completed in 3600 ms
2022-09-29 11:02:33.433  INFO 85443 --- [    Test worker] o.s.b.w.embedded.tomcat.TomcatWebServer  : Tomcat started on port(s): 34039 (http) with context path ''
2022-09-29 11:02:33.454  INFO 85443 --- [    Test worker] uk.tw.energy.EndpointTest                : Started EndpointTest in 7.76 seconds (JVM running for 11.874)
2022-09-29 11:02:34.877  INFO 85443 --- [o-auto-1-exec-1] o.a.c.c.C.[Tomcat].[localhost].[/]       : Initializing Spring DispatcherServlet 'dispatcherServlet'
2022-09-29 11:02:34.878  INFO 85443 --- [o-auto-1-exec-1] o.s.web.servlet.DispatcherServlet        : Initializing Servlet 'dispatcherServlet'
2022-09-29 11:02:34.881  INFO 85443 --- [o-auto-1-exec-1] o.s.web.servlet.DispatcherServlet        : Completed initialization in 2 ms
]]></system-out>
  <system-err><![CDATA[]]></system-err>
</testsuite>
