<?xml version="1.0" encoding="UTF-8"?>
<testsuite name="uk.tw.energy.controller.MeterReadingControllerTest" tests="6" skipped="0" failures="0" errors="0" timestamp="2022-09-29T16:00:39" hostname="tyler" time="0.032">
  <properties/>
  <testcase name="givenEmptyMeterReadingShouldReturnErrorResponse()" classname="uk.tw.energy.controller.MeterReadingControllerTest" time="0.004"/>
  <testcase name="givenNoMeterIdIsSuppliedWhenStoringShouldReturnErrorResponse()" classname="uk.tw.energy.controller.MeterReadingControllerTest" time="0.003"/>
  <testcase name="givenMeterIdThatIsNotRecognisedShouldReturnNotFound()" classname="uk.tw.energy.controller.MeterReadingControllerTest" time="0.003"/>
  <testcase name="givenMeterReadingsAssociatedWithTheUserShouldStoreAssociatedWithUser()" classname="uk.tw.energy.controller.MeterReadingControllerTest" time="0.005"/>
  <testcase name="givenMultipleBatchesOfMeterReadingsShouldStore()" classname="uk.tw.energy.controller.MeterReadingControllerTest" time="0.002"/>
  <testcase name="givenNullReadingsAreSuppliedWhenStoringShouldReturnErrorResponse()" classname="uk.tw.energy.controller.MeterReadingControllerTest" time="0.002"/>
  <system-out><![CDATA[]]></system-out>
  <system-err><![CDATA[]]></system-err>
</testsuite>
