<?xml version="1.0" encoding="UTF-8"?>
<testsuite name="uk.tw.energy.service.AccountServiceTest" tests="1" skipped="0" failures="0" errors="0" timestamp="2022-09-29T16:00:39" hostname="tyler" time="0.001">
  <properties/>
  <testcase name="givenTheSmartMeterIdReturnsThePricePlanId()" classname="uk.tw.energy.service.AccountServiceTest" time="0.001"/>
  <system-out><![CDATA[]]></system-out>
  <system-err><![CDATA[]]></system-err>
</testsuite>
